<?xml version="1.0" encoding="UTF-8"?>
<testng-results skipped="0" failed="1" total="5" passed="4">
  <reporter-output>
  </reporter-output>
  <suite name="Surefire suite" duration-ms="169369" started-at="2018-07-13T10:19:17Z" finished-at="2018-07-13T10:22:06Z">
    <groups>
    </groups>
    <test name="Surefire test" duration-ms="169369" started-at="2018-07-13T10:19:17Z" finished-at="2018-07-13T10:22:06Z">
      <class name="com.pmxd.qa.testcases.EliteLoginPageTest">
        <test-method status="PASS" signature="setup()[pri:0, instance:com.pmxd.qa.testcases.EliteLoginPageTest@2d3fcdbd]" name="setup" is-config="true" duration-ms="33509" started-at="2018-07-13T15:49:17Z" finished-at="2018-07-13T15:49:51Z">
          <reporter-output>
          </reporter-output>
        </test-method> <!-- setup -->
        <test-method status="PASS" signature="titleTest()[pri:0, instance:com.pmxd.qa.testcases.EliteLoginPageTest@2d3fcdbd]" name="titleTest" duration-ms="25" started-at="2018-07-13T15:49:51Z" finished-at="2018-07-13T15:49:51Z">
          <reporter-output>
          </reporter-output>
        </test-method> <!-- titleTest -->
        <test-method status="PASS" signature="tearDown()[pri:0, instance:com.pmxd.qa.testcases.EliteLoginPageTest@2d3fcdbd]" name="tearDown" is-config="true" duration-ms="755" started-at="2018-07-13T15:49:51Z" finished-at="2018-07-13T15:49:51Z">
          <reporter-output>
          </reporter-output>
        </test-method> <!-- tearDown -->
        <test-method status="PASS" signature="setup()[pri:0, instance:com.pmxd.qa.testcases.EliteLoginPageTest@2d3fcdbd]" name="setup" is-config="true" duration-ms="19528" started-at="2018-07-13T15:49:51Z" finished-at="2018-07-13T15:50:11Z">
          <reporter-output>
          </reporter-output>
        </test-method> <!-- setup -->
        <test-method status="PASS" signature="logoTest()[pri:0, instance:com.pmxd.qa.testcases.EliteLoginPageTest@2d3fcdbd]" name="logoTest" duration-ms="7535" started-at="2018-07-13T15:50:11Z" finished-at="2018-07-13T15:50:18Z">
          <reporter-output>
          </reporter-output>
        </test-method> <!-- logoTest -->
        <test-method status="PASS" signature="tearDown()[pri:0, instance:com.pmxd.qa.testcases.EliteLoginPageTest@2d3fcdbd]" name="tearDown" is-config="true" duration-ms="749" started-at="2018-07-13T15:50:18Z" finished-at="2018-07-13T15:50:19Z">
          <reporter-output>
          </reporter-output>
        </test-method> <!-- tearDown -->
        <test-method status="PASS" signature="setup()[pri:0, instance:com.pmxd.qa.testcases.EliteLoginPageTest@2d3fcdbd]" name="setup" is-config="true" duration-ms="23465" started-at="2018-07-13T15:50:19Z" finished-at="2018-07-13T15:50:43Z">
          <reporter-output>
          </reporter-output>
        </test-method> <!-- setup -->
        <test-method status="PASS" signature="loginTest()[pri:0, instance:com.pmxd.qa.testcases.EliteLoginPageTest@2d3fcdbd]" name="loginTest" duration-ms="6917" started-at="2018-07-13T15:50:43Z" finished-at="2018-07-13T15:50:50Z">
          <reporter-output>
          </reporter-output>
        </test-method> <!-- loginTest -->
        <test-method status="PASS" signature="tearDown()[pri:0, instance:com.pmxd.qa.testcases.EliteLoginPageTest@2d3fcdbd]" name="tearDown" is-config="true" duration-ms="724" started-at="2018-07-13T15:50:50Z" finished-at="2018-07-13T15:50:50Z">
          <reporter-output>
          </reporter-output>
        </test-method> <!-- tearDown -->
      </class> <!-- com.pmxd.qa.testcases.EliteLoginPageTest -->
      <class name="com.pmxd.qa.testcases.EliteMyWebcastPageTest">
        <test-method status="PASS" signature="setup()[pri:0, instance:com.pmxd.qa.testcases.EliteMyWebcastPageTest@77b52d12]" name="setup" is-config="true" duration-ms="25543" started-at="2018-07-13T15:50:50Z" finished-at="2018-07-13T15:51:16Z">
          <reporter-output>
          </reporter-output>
        </test-method> <!-- setup -->
        <test-method status="PASS" signature="titleTest()[pri:0, instance:com.pmxd.qa.testcases.EliteMyWebcastPageTest@77b52d12]" name="titleTest" duration-ms="38" started-at="2018-07-13T15:51:16Z" finished-at="2018-07-13T15:51:16Z">
          <reporter-output>
          </reporter-output>
        </test-method> <!-- titleTest -->
        <test-method status="PASS" signature="tearDown()[pri:0, instance:com.pmxd.qa.testcases.EliteMyWebcastPageTest@77b52d12]" name="tearDown" is-config="true" duration-ms="922" started-at="2018-07-13T15:51:16Z" finished-at="2018-07-13T15:51:17Z">
          <reporter-output>
          </reporter-output>
        </test-method> <!-- tearDown -->
        <test-method status="PASS" signature="setup()[pri:0, instance:com.pmxd.qa.testcases.EliteMyWebcastPageTest@77b52d12]" name="setup" is-config="true" duration-ms="27878" started-at="2018-07-13T15:51:17Z" finished-at="2018-07-13T15:51:45Z">
          <reporter-output>
          </reporter-output>
        </test-method> <!-- setup -->
        <test-method status="FAIL" signature="validateClientSelectionTest()[pri:0, instance:com.pmxd.qa.testcases.EliteMyWebcastPageTest@77b52d12]" name="validateClientSelectionTest" duration-ms="20391" started-at="2018-07-13T15:51:45Z" finished-at="2018-07-13T15:52:05Z">
          <exception class="org.openqa.selenium.NoSuchElementException">
            <message>
              <![CDATA[Cannot locate element with text: SelectValue
For documentation on this error, please visit: http://seleniumhq.org/exceptions/no_such_element.html
Build info: version: '3.12.0', revision: '7c6e0b3', time: '2018-05-08T14:04:26.12Z'
System info: host: 'LMS', ip: '10.4.16.177', os.name: 'Windows 8.1', os.arch: 'amd64', os.version: '6.3', java.version: '1.8.0_131'
Driver info: driver.version: unknown]]>
            </message>
            <full-stacktrace>
              <![CDATA[org.openqa.selenium.NoSuchElementException: Cannot locate element with text: SelectValue
For documentation on this error, please visit: http://seleniumhq.org/exceptions/no_such_element.html
Build info: version: '3.12.0', revision: '7c6e0b3', time: '2018-05-08T14:04:26.12Z'
System info: host: 'LMS', ip: '10.4.16.177', os.name: 'Windows 8.1', os.arch: 'amd64', os.version: '6.3', java.version: '1.8.0_131'
Driver info: driver.version: unknown
	at org.openqa.selenium.support.ui.Select.selectByVisibleText(Select.java:151)
	at com.pmxd.qa.util.TestUtil.ddSelect(TestUtil.java:14)
	at com.pmxd.qa.pages.EliteMyWebcastPage.selectClient(EliteMyWebcastPage.java:27)
	at com.pmxd.qa.testcases.EliteMyWebcastPageTest.validateClientSelectionTest(EliteMyWebcastPageTest.java:45)
	at sun.reflect.NativeMethodAccessorImpl.invoke0(Native Method)
	at sun.reflect.NativeMethodAccessorImpl.invoke(NativeMethodAccessorImpl.java:62)
	at sun.reflect.DelegatingMethodAccessorImpl.invoke(DelegatingMethodAccessorImpl.java:43)
	at java.lang.reflect.Method.invoke(Method.java:498)
	at org.testng.internal.MethodInvocationHelper.invokeMethod(MethodInvocationHelper.java:80)
	at org.testng.internal.Invoker.invokeMethod(Invoker.java:714)
	at org.testng.internal.Invoker.invokeTestMethod(Invoker.java:901)
	at org.testng.internal.Invoker.invokeTestMethods(Invoker.java:1231)
	at org.testng.internal.TestMethodWorker.invokeTestMethods(TestMethodWorker.java:127)
	at org.testng.internal.TestMethodWorker.run(TestMethodWorker.java:111)
	at org.testng.TestRunner.privateRun(TestRunner.java:767)
	at org.testng.TestRunner.run(TestRunner.java:617)
	at org.testng.SuiteRunner.runTest(SuiteRunner.java:334)
	at org.testng.SuiteRunner.runSequentially(SuiteRunner.java:329)
	at org.testng.SuiteRunner.privateRun(SuiteRunner.java:291)
	at org.testng.SuiteRunner.run(SuiteRunner.java:240)
	at org.testng.SuiteRunnerWorker.runSuite(SuiteRunnerWorker.java:52)
	at org.testng.SuiteRunnerWorker.run(SuiteRunnerWorker.java:86)
	at org.testng.TestNG.runSuitesSequentially(TestNG.java:1198)
	at org.testng.TestNG.runSuitesLocally(TestNG.java:1123)
	at org.testng.TestNG.run(TestNG.java:1031)
	at org.apache.maven.surefire.testng.TestNGExecutor.run(TestNGExecutor.java:135)
	at org.apache.maven.surefire.testng.TestNGDirectoryTestSuite.executeMulti(TestNGDirectoryTestSuite.java:193)
	at org.apache.maven.surefire.testng.TestNGDirectoryTestSuite.execute(TestNGDirectoryTestSuite.java:94)
	at org.apache.maven.surefire.testng.TestNGProvider.invoke(TestNGProvider.java:146)
	at org.apache.maven.surefire.booter.ForkedBooter.invokeProviderInSameClassLoader(ForkedBooter.java:379)
	at org.apache.maven.surefire.booter.ForkedBooter.runSuitesInProcess(ForkedBooter.java:340)
	at org.apache.maven.surefire.booter.ForkedBooter.execute(ForkedBooter.java:125)
	at org.apache.maven.surefire.booter.ForkedBooter.main(ForkedBooter.java:413)
]]>
            </full-stacktrace>
          </exception> <!-- org.openqa.selenium.NoSuchElementException -->
          <reporter-output>
          </reporter-output>
        </test-method> <!-- validateClientSelectionTest -->
        <test-method status="PASS" signature="tearDown()[pri:0, instance:com.pmxd.qa.testcases.EliteMyWebcastPageTest@77b52d12]" name="tearDown" is-config="true" duration-ms="1359" started-at="2018-07-13T15:52:05Z" finished-at="2018-07-13T15:52:06Z">
          <reporter-output>
          </reporter-output>
        </test-method> <!-- tearDown -->
      </class> <!-- com.pmxd.qa.testcases.EliteMyWebcastPageTest -->
    </test> <!-- Surefire test -->
  </suite> <!-- Surefire suite -->
</testng-results>
