<?xml version="1.0" encoding="UTF-8"?>
<testng-results skipped="0" failed="0" total="3" passed="3">
  <reporter-output>
  </reporter-output>
  <suite name="Surefire suite" duration-ms="72376" started-at="2018-07-05T09:17:31Z" finished-at="2018-07-05T09:18:43Z">
    <groups>
    </groups>
    <test name="Surefire test" duration-ms="72376" started-at="2018-07-05T09:17:31Z" finished-at="2018-07-05T09:18:43Z">
      <class name="com.pmxd.qa.testcases.EliteLoginPageTest">
        <test-method status="PASS" signature="setup()[pri:0, instance:com.pmxd.qa.testcases.EliteLoginPageTest@60addb54]" name="setup" is-config="true" duration-ms="22279" started-at="2018-07-05T14:47:31Z" finished-at="2018-07-05T14:47:53Z">
          <reporter-output>
          </reporter-output>
        </test-method> <!-- setup -->
        <test-method status="PASS" signature="titleTest()[pri:0, instance:com.pmxd.qa.testcases.EliteLoginPageTest@60addb54]" name="titleTest" duration-ms="18" started-at="2018-07-05T14:47:53Z" finished-at="2018-07-05T14:47:53Z">
          <reporter-output>
          </reporter-output>
        </test-method> <!-- titleTest -->
        <test-method status="PASS" signature="tearDown()[pri:0, instance:com.pmxd.qa.testcases.EliteLoginPageTest@60addb54]" name="tearDown" is-config="true" duration-ms="669" started-at="2018-07-05T14:47:53Z" finished-at="2018-07-05T14:47:54Z">
          <reporter-output>
          </reporter-output>
        </test-method> <!-- tearDown -->
        <test-method status="PASS" signature="setup()[pri:0, instance:com.pmxd.qa.testcases.EliteLoginPageTest@60addb54]" name="setup" is-config="true" duration-ms="11412" started-at="2018-07-05T14:47:54Z" finished-at="2018-07-05T14:48:05Z">
          <reporter-output>
          </reporter-output>
        </test-method> <!-- setup -->
        <test-method status="PASS" signature="logoTest()[pri:0, instance:com.pmxd.qa.testcases.EliteLoginPageTest@60addb54]" name="logoTest" duration-ms="6447" started-at="2018-07-05T14:48:05Z" finished-at="2018-07-05T14:48:12Z">
          <reporter-output>
          </reporter-output>
        </test-method> <!-- logoTest -->
        <test-method status="PASS" signature="tearDown()[pri:0, instance:com.pmxd.qa.testcases.EliteLoginPageTest@60addb54]" name="tearDown" is-config="true" duration-ms="670" started-at="2018-07-05T14:48:12Z" finished-at="2018-07-05T14:48:12Z">
          <reporter-output>
          </reporter-output>
        </test-method> <!-- tearDown -->
        <test-method status="PASS" signature="setup()[pri:0, instance:com.pmxd.qa.testcases.EliteLoginPageTest@60addb54]" name="setup" is-config="true" duration-ms="17719" started-at="2018-07-05T14:48:12Z" finished-at="2018-07-05T14:48:30Z">
          <reporter-output>
          </reporter-output>
        </test-method> <!-- setup -->
        <test-method status="PASS" signature="loginTest()[pri:0, instance:com.pmxd.qa.testcases.EliteLoginPageTest@60addb54]" name="loginTest" duration-ms="11992" started-at="2018-07-05T14:48:30Z" finished-at="2018-07-05T14:48:42Z">
          <reporter-output>
          </reporter-output>
        </test-method> <!-- loginTest -->
        <test-method status="PASS" signature="tearDown()[pri:0, instance:com.pmxd.qa.testcases.EliteLoginPageTest@60addb54]" name="tearDown" is-config="true" duration-ms="1141" started-at="2018-07-05T14:48:42Z" finished-at="2018-07-05T14:48:43Z">
          <reporter-output>
          </reporter-output>
        </test-method> <!-- tearDown -->
      </class> <!-- com.pmxd.qa.testcases.EliteLoginPageTest -->
    </test> <!-- Surefire test -->
  </suite> <!-- Surefire suite -->
</testng-results>
