<?xml version="1.0" encoding="UTF-8"?>
<!-- Generated by org.testng.reporters.JUnitXMLReporter -->
<testsuite hostname="LMS" name="Default test" tests="3" failures="0" timestamp="6 Jul 2018 09:29:13 GMT" time="65.099" errors="0">
  <testcase name="titleTest" time="0.054" classname="com.pmxd.qa.testcases.EliteLoginPageTest"/>
  <testcase name="logoTest" time="3.937" classname="com.pmxd.qa.testcases.EliteLoginPageTest"/>
  <testcase name="loginTest" time="19.871" classname="com.pmxd.qa.testcases.EliteLoginPageTest"/>
</testsuite> <!-- Default test -->
