<?xml version="1.0" encoding="UTF-8"?>
<!-- Generated by org.testng.reporters.JUnitXMLReporter -->
<testsuite hostname="LMS" name="Default test" tests="3" failures="0" timestamp="6 Jul 2018 12:58:53 GMT" time="64.11" errors="0">
  <testcase name="titleTest" time="0.032" classname="com.pmxd.qa.testcases.EliteLoginPageTest"/>
  <testcase name="logoTest" time="4.148" classname="com.pmxd.qa.testcases.EliteLoginPageTest"/>
  <testcase name="loginTest" time="6.931" classname="com.pmxd.qa.testcases.EliteLoginPageTest"/>
</testsuite> <!-- Default test -->
