<?xml version="1.0" encoding="UTF-8"?>
<!-- Generated by org.testng.reporters.JUnitXMLReporter -->
<testsuite hostname="LMS" name="Surefire test" tests="5" failures="0" timestamp="18 Jul 2018 10:09:30 GMT" time="139.074" errors="0">
  <testcase name="titleTest" time="6.457" classname="com.pmxd.qa.testcases.EliteLoginPageTest"/>
  <testcase name="logoTest" time="0.067" classname="com.pmxd.qa.testcases.EliteLoginPageTest"/>
  <testcase name="loginTest" time="20.458" classname="com.pmxd.qa.testcases.EliteLoginPageTest"/>
  <testcase name="titleTest" time="0.013" classname="com.pmxd.qa.testcases.EliteMyWebcastPageTest"/>
  <testcase name="validateClientSelectionTest" time="7.067" classname="com.pmxd.qa.testcases.EliteMyWebcastPageTest"/>
</testsuite> <!-- Surefire test -->
